0 info it worked if it ends with ok
1 verbose cli [ '/Users/fredrik/.nvm/versions/node/v5.12.0/bin/node',
1 verbose cli   '/Users/fredrik/.nvm/versions/node/v5.12.0/bin/npm',
1 verbose cli   'publish' ]
2 info using npm@3.8.6
3 info using node@v5.12.0
4 verbose publish [ '.' ]
5 silly cache add args [ '.', null ]
6 verbose cache add spec .
7 silly cache add parsed spec Result {
7 silly cache add   raw: '.',
7 silly cache add   scope: null,
7 silly cache add   name: null,
7 silly cache add   rawSpec: '.',
7 silly cache add   spec: '/Users/fredrik/Sites/eslint-config-netliferesearch',
7 silly cache add   type: 'directory' }
8 verbose addLocalDirectory /Users/fredrik/.npm/eslint-config-netliferesearch/2.0.0/package.tgz not in flight; packing
9 verbose correctMkdir /Users/fredrik/.npm correctMkdir not in flight; initializing
10 info lifecycle eslint-config-netliferesearch@2.0.0~prepublish: eslint-config-netliferesearch@2.0.0
11 silly lifecycle eslint-config-netliferesearch@2.0.0~prepublish: no script for prepublish, continuing
12 verbose tar pack [ '/Users/fredrik/.npm/eslint-config-netliferesearch/2.0.0/package.tgz',
12 verbose tar pack   '/Users/fredrik/Sites/eslint-config-netliferesearch' ]
13 verbose tarball /Users/fredrik/.npm/eslint-config-netliferesearch/2.0.0/package.tgz
14 verbose folder /Users/fredrik/Sites/eslint-config-netliferesearch
15 verbose addLocalTarball adding from inside cache /Users/fredrik/.npm/eslint-config-netliferesearch/2.0.0/package.tgz
16 verbose correctMkdir /Users/fredrik/.npm correctMkdir not in flight; initializing
17 silly cache afterAdd eslint-config-netliferesearch@2.0.0
18 verbose afterAdd /Users/fredrik/.npm/eslint-config-netliferesearch/2.0.0/package/package.json not in flight; writing
19 verbose correctMkdir /Users/fredrik/.npm correctMkdir not in flight; initializing
20 verbose afterAdd /Users/fredrik/.npm/eslint-config-netliferesearch/2.0.0/package/package.json written
21 silly publish { name: 'eslint-config-netliferesearch',
21 silly publish   version: '2.0.0',
21 silly publish   description: 'ESLint config for Netlife Research projects',
21 silly publish   main: 'index.js',
21 silly publish   scripts: { lint: 'eslint .' },
21 silly publish   repository:
21 silly publish    { type: 'git',
21 silly publish      url: 'git+https://github.com/netliferesearch/eslint-config-netliferesearch.git' },
21 silly publish   keywords: [ 'eslint', 'Netlife Research' ],
21 silly publish   author: { name: 'Kristoffer Brabrand', email: 'kristoffer@brabrand.no' },
21 silly publish   license: 'MIT',
21 silly publish   bugs: { url: 'https://github.com/netliferesearch/eslint-config-netliferesearch/issues' },
21 silly publish   homepage: 'https://github.com/netliferesearch/eslint-config-netliferesearch#readme',
21 silly publish   dependencies: { 'eslint-config-airbnb': '^9.0.0', 'lodash.merge': '^4.3.5' },
21 silly publish   devDependencies: { eslint: '^2.9.0', 'eslint-plugin-import': '^1.4.0' },
21 silly publish   readme: '# eslint-config-netliferesearch\nThis package provides ESLint configs used in Netlife Research projects. The configurations are based on eslint-config-airbnb only differs on the tab size, using four space soft tabs.\n\nFor more details on the rules and how to work with the standard and ESLint itself see [Airbnb\'s Javascript styleguide](https://github.com/airbnb/javascript) and\nthe [ESlint config docs](http://eslint.org/docs/user-guide/configuring#extending-configuration-files).\n\n## Installations\nFirst, add `eslint`, `eslint-plugin-import` to your project by running\n\n```sh\nnpm install --save-dev eslint eslint-plugin-import\n```\n\nThen add the config itself by installing `eslint-config-netliferesearch`:\n\n```sh\nnpm install --save-dev eslint-config-netliferesearch\n```\n\n## Usage\nIn order for eslint to lint your file using the config, you need to add an `.eslintrc` to the root of your project:\n\n```json\n{\n  "extends": "netliferesearch"\n}\n```\n\n## Alternative configurations\nThe default configuration (`netliferesearch`) expects your project to use the new ES6/2015 features. Depending on your project you might want or need something else, and a few other configs is provided:\n\n* `netliferesearch/legacy` - A config for ES5 style projects.\n* `netliferesearch/react` - A config for React+ES6/2015 projects.\n\n## Configuration extensions\nExtensions is used to alter the behavior in a consistent way across project, and reducing the need for overriding the standard in the `.eslintrc` file.\n\nThe extensions are not standards by them selves, but must be used in combination with one of the standards. When doing so, the `extends` key in the `.eslintrc` file is provided an array instead of a string, like this:\n\n```json\n{\n  "extends": ["netliferesearch", "netliferesearch/angular"]\n}\n```\n\n### Available extensions\n* `netliferesearch/angular` - Disable rules that goes against the angular way of modifying the $scope.\n',
21 silly publish   readmeFilename: 'README.md',
21 silly publish   gitHead: 'a6725c50c6c657d8c16c7d6f0d8c03175787d21a',
21 silly publish   _id: 'eslint-config-netliferesearch@2.0.0',
21 silly publish   _shasum: '1d85dcb8798abc0a00c3a5abd03ada1538ffc5b5',
21 silly publish   _from: '.' }
22 verbose getPublishConfig undefined
23 silly mapToRegistry name eslint-config-netliferesearch
24 silly mapToRegistry using default registry
25 silly mapToRegistry registry https://registry.npmjs.org/
26 silly mapToRegistry data Result {
26 silly mapToRegistry   raw: 'eslint-config-netliferesearch',
26 silly mapToRegistry   scope: null,
26 silly mapToRegistry   name: 'eslint-config-netliferesearch',
26 silly mapToRegistry   rawSpec: '',
26 silly mapToRegistry   spec: 'latest',
26 silly mapToRegistry   type: 'tag' }
27 silly mapToRegistry uri https://registry.npmjs.org/eslint-config-netliferesearch
28 verbose publish registryBase https://registry.npmjs.org/
29 silly publish uploading /Users/fredrik/.npm/eslint-config-netliferesearch/2.0.0/package.tgz
30 verbose request uri https://registry.npmjs.org/eslint-config-netliferesearch
31 verbose request sending authorization for write operation
32 info attempt registry request try #1 at 4:45:59 PM
33 verbose request using bearer token for auth
34 verbose request id ca9759b092c1bcdd
35 http request PUT https://registry.npmjs.org/eslint-config-netliferesearch
36 http 403 https://registry.npmjs.org/eslint-config-netliferesearch
37 verbose headers { 'content-type': 'application/json',
37 verbose headers   'cache-control': 'max-age=300',
37 verbose headers   'content-length': '123',
37 verbose headers   'accept-ranges': 'bytes',
37 verbose headers   date: 'Thu, 04 Aug 2016 14:46:01 GMT',
37 verbose headers   via: '1.1 varnish',
37 verbose headers   connection: 'keep-alive',
37 verbose headers   'x-served-by': 'cache-bma7024-BMA',
37 verbose headers   'x-cache': 'MISS',
37 verbose headers   'x-cache-hits': '0',
37 verbose headers   'x-timer': 'S1470321960.335919,VS0,VE1023',
37 verbose headers   vary: 'Accept-Encoding' }
38 verbose request invalidating /Users/fredrik/.npm/registry.npmjs.org/eslint-config-netliferesearch on PUT
39 error publish Failed PUT 403
40 verbose stack Error: you do not have permission to publish "eslint-config-netliferesearch". Are you logged in as the correct user? : eslint-config-netliferesearch
40 verbose stack     at makeError (/Users/fredrik/.nvm/versions/node/v5.12.0/lib/node_modules/npm/node_modules/npm-registry-client/lib/request.js:264:12)
40 verbose stack     at CachingRegistryClient.<anonymous> (/Users/fredrik/.nvm/versions/node/v5.12.0/lib/node_modules/npm/node_modules/npm-registry-client/lib/request.js:252:14)
40 verbose stack     at Request._callback (/Users/fredrik/.nvm/versions/node/v5.12.0/lib/node_modules/npm/node_modules/npm-registry-client/lib/request.js:172:14)
40 verbose stack     at Request.self.callback (/Users/fredrik/.nvm/versions/node/v5.12.0/lib/node_modules/npm/node_modules/request/request.js:199:22)
40 verbose stack     at emitTwo (events.js:100:13)
40 verbose stack     at Request.emit (events.js:185:7)
40 verbose stack     at Request.<anonymous> (/Users/fredrik/.nvm/versions/node/v5.12.0/lib/node_modules/npm/node_modules/request/request.js:1036:10)
40 verbose stack     at emitOne (events.js:95:20)
40 verbose stack     at Request.emit (events.js:182:7)
40 verbose stack     at IncomingMessage.<anonymous> (/Users/fredrik/.nvm/versions/node/v5.12.0/lib/node_modules/npm/node_modules/request/request.js:963:12)
41 verbose statusCode 403
42 verbose pkgid eslint-config-netliferesearch
43 verbose cwd /Users/fredrik/Sites/eslint-config-netliferesearch
44 error Darwin 15.5.0
45 error argv "/Users/fredrik/.nvm/versions/node/v5.12.0/bin/node" "/Users/fredrik/.nvm/versions/node/v5.12.0/bin/npm" "publish"
46 error node v5.12.0
47 error npm  v3.8.6
48 error code E403
49 error you do not have permission to publish "eslint-config-netliferesearch". Are you logged in as the correct user? : eslint-config-netliferesearch
50 error If you need help, you may report this error at:
50 error     <https://github.com/npm/npm/issues>
51 verbose exit [ 1, true ]
